app/seeds.txt
com.kevin.firstlineofcode.R$anim: int abc_fade_in
com.kevin.firstlineofcode.R$anim: int abc_fade_out
com.kevin.firstlineofcode.R$anim: int abc_grow_fade_in_from_bottom
com.kevin.firstlineofcode.R$anim: int abc_popup_enter
com.kevin.firstlineofcode.R$anim: int abc_popup_exit
com.kevin.firstlineofcode.R$anim: int abc_shrink_fade_out_from_bottom
com.kevin.firstlineofcode.R$anim: int abc_slide_in_bottom
com.kevin.firstlineofcode.R$anim: int abc_slide_in_top
com.kevin.firstlineofcode.R$anim: int abc_slide_out_bottom
com.kevin.firstlineofcode.R$anim: int abc_slide_out_top
com.kevin.firstlineofcode.R$anim: int design_bottom_sheet_slide_in
com.kevin.firstlineofcode.R$anim: int design_bottom_sheet_slide_out
com.kevin.firstlineofcode.R$anim: int design_fab_in
com.kevin.firstlineofcode.R$anim: int design_fab_out
com.kevin.firstlineofcode.R$anim: int design_snackbar_in
com.kevin.firstlineofcode.R$anim: int design_snackbar_out
com.kevin.firstlineofcode.R$array: int title_list
com.kevin.firstlineofcode.R$attr: int actionBarDivider
com.kevin.firstlineofcode.R$attr: int actionBarItemBackground
com.kevin.firstlineofcode.R$attr: int actionBarPopupTheme
com.kevin.firstlineofcode.R$attr: int actionBarSize
com.kevin.firstlineofcode.R$attr: int actionBarSplitStyle
com.kevin.firstlineofcode.R$attr: int actionBarStyle
com.kevin.firstlineofcode.R$attr: int actionBarTabBarStyle
com.kevin.firstlineofcode.R$attr: int actionBarTabStyle
com.kevin.firstlineofcode.R$attr: int actionBarTabTextStyle
com.kevin.firstlineofcode.R$attr: int actionBarTheme
com.kevin.firstlineofcode.R$attr: int actionBarWidgetTheme
com.kevin.firstlineofcode.R$attr: int actionButtonStyle
com.kevin.firstlineofcode.R$attr: int actionDropDownStyle
com.kevin.firstlineofcode.R$attr: int actionLayout
com.kevin.firstlineofcode.R$attr: int actionMenuTextAppearance
com.kevin.firstlineofcode.R$attr: int actionMenuTextColor
com.kevin.firstlineofcode.R$attr: int actionModeBackground
com.kevin.firstlineofcode.R$attr: int actionModeCloseButtonStyle
com.kevin.firstlineofcode.R$attr: int actionModeCloseDrawable
com.kevin.firstlineofcode.R$attr: int actionModeCopyDrawable
com.kevin.firstlineofcode.R$attr: int actionModeCutDrawable
com.kevin.firstlineofcode.R$attr: int actionModeFindDrawable
com.kevin.firstlineofcode.R$attr: int actionModePasteDrawable
com.kevin.firstlineofcode.R$attr: int actionModePopupWindowStyle
com.kevin.firstlineofcode.R$attr: int actionModeSelectAllDrawable
com.kevin.firstlineofcode.R$bool: int abc_action_bar_embed_tabs
com.kevin.firstlineofcode.R$bool: int abc_action_bar_embed_tabs_pre_jb
com.kevin.firstlineofcode.R$bool: int abc_action_bar_expanded_action_views_exclusive
com.kevin.firstlineofcode.R$bool: int abc_allow_stacked_button_bar
com.kevin.firstlineofcode.R$bool: int abc_config_actionMenuItemAllCaps
com.kevin.firstlineofcode.R$bool: int abc_config_allowActionMenuItemTextWithIcon
com.kevin.firstlineofcode.R$bool: int abc_config_closeDialogWhenTouchOutside
com.kevin.firstlineofcode.R$bool: int abc_config_showMenuShortcutsWhenKeyboardPresent
...
com.google.android.gms.plus.internal.model.people.PersonEntity$UrlsEntity
com.google.android.gms.plus.internal.model.people.PersonEntity$UrlsEntity: com.google.android.gms.plus.internal.model.people.zzj CREATOR
com.google.android.gms.safetynet.AttestationData
com.google.android.gms.safetynet.AttestationData: android.os.Parcelable$Creator CREATOR
com.google.android.gms.safetynet.R$attr: int adSize
com.google.android.gms.safetynet.R$attr: int adSizes
com.google.android.gms.safetynet.R$attr: int adUnitId
com.google.android.gms.safetynet.R$attr: int ambientEnabled
com.google.android.gms.safetynet.R$attr: int appTheme
com.google.android.gms.safetynet.R$attr: int buttonSize
com.google.android.gms.safetynet.R$attr: int buyButtonAppearance
com.google.android.gms.safetynet.R$attr: int buyButtonHeight
com.google.android.gms.safetynet.R$attr: int buyButtonText
com.google.android.gms.safetynet.R$attr: int buyButtonWidth
com.google.android.gms.safetynet.R$attr: int cameraBearing
com.google.android.gms.safetynet.R$attr: int cameraTargetLat
com.google.android.gms.safetynet.R$attr: int cameraTargetLng
com.google.android.gms.safetynet.R$attr: int cameraTilt
com.google.android.gms.safetynet.R$attr: int cameraZoom
com.google.android.gms.safetynet.R$attr: int circleCrop
com.google.android.gms.safetynet.R$attr: int colorScheme
com.google.android.gms.safetynet.R$attr: int environment
com.google.android.gms.safetynet.R$attr: int fragmentMode
com.google.android.gms.safetynet.R$attr: int fragmentStyle
com.google.android.gms.safetynet.R$attr: int imageAspectRatio
com.google.android.gms.safetynet.R$attr: int imageAspectRatioAdjust
com.google.android.gms.safetynet.R$attr: int liteMode
com.google.android.gms.safetynet.R$attr: int mapType
com.google.android.gms.safetynet.R$attr: int maskedWalletDetailsBackground
com.google.android.gms.safetynet.R$color: int common_action_bar_splitter
com.google.android.gms.safetynet.R$color: int common_google_signin_btn_text_dark
com.google.android.gms.safetynet.R$color: int common_google_signin_btn_text_dark_default
com.google.android.gms.safetynet.R$color: int common_google_signin_btn_text_dark_disabled
com.google.android.gms.safetynet.R$color: int common_google_signin_btn_text_dark_focused
com.google.android.gms.safetynet.R$color: int common_google_signin_btn_text_dark_pressed
com.google.android.gms.safetynet.R$color: int common_google_signin_btn_text_light
com.google.android.gms.safetynet.R$color: int common_google_signin_btn_text_light_default
com.google.android.gms.safetynet.R$color: int common_google_signin_btn_text_light_disabled
com.google.android.gms.safetynet.R$color: int common_google_signin_btn_text_light_focused
com.google.android.gms.safetynet.R$color: int common_google_signin_btn_text_light_pressed
com.google.android.gms.safetynet.R$color: int common_plus_signin_btn_text_dark
com.google.android.gms.safetynet.R$color: int common_plus_signin_btn_text_dark_default
com.google.android.gms.safetynet.R$color: int common_plus_signin_btn_text_dark_disabled
com.google.android.gms.safetynet.R$color: int common_plus_signin_btn_text_dark_focused
com.google.android.gms.safetynet.R$color: int common_plus_signin_btn_text_dark_pressed
com.google.android.gms.safetynet.R$color: int common_plus_signin_btn_text_light