app/mapping.txt
com.kevin.firstlineofcode.ui.CustomerView.Main2Activity -> com.kevin.firstlineofcode.ui.CustomerView.Main2Activity:
    com.kevin.firstlineofcode.ui.CustomerView.Shape mShape -> a
    void <init>() -> <init>
    void onCreate(android.os.Bundle) -> onCreate
    com.kevin.firstlineofcode.ui.CustomerView.Shape access$000(com.kevin.firstlineofcode.ui.CustomerView.Main2Activity) -> a
com.kevin.firstlineofcode.ui.CustomerView.Main2Activity$1 -> com.kevin.firstlineofcode.ui.CustomerView.a:
    com.kevin.firstlineofcode.ui.CustomerView.Main2Activity this$0 -> a
    void <init>(com.kevin.firstlineofcode.ui.CustomerView.Main2Activity) -> <init>
    boolean onTouch(android.view.View,android.view.MotionEvent) -> onTouch
com.kevin.firstlineofcode.ui.CustomerView.Round -> com.kevin.firstlineofcode.ui.CustomerView.b:
    float circleX -> a
    float circleY -> b
    float circleR -> c
    void <init>(android.content.Context) -> <init>
    void onDraw(android.graphics.Canvas) -> onDraw
    float getCircleX() -> getCircleX
    void setCircleX(float) -> setCircleX
    float getCircleY() -> getCircleY
    void setCircleY(float) -> setCircleY
    float getCircleR() -> getCircleR
    void setCircleR(float) -> setCircleR
com.kevin.firstlineofcode.ui.CustomerView.Shape -> com.kevin.firstlineofcode.ui.CustomerView.Shape:
    com.kevin.firstlineofcode.ui.CustomerView.Round mRound -> a
    com.kevin.firstlineofcode.ui.CustomerView.Triangle mTriangle -> b
    float circleX -> c
    float circleY -> d
    float circleR -> e
    void <init>(android.content.Context) -> <init>
    void <init>(android.content.Context,android.util.AttributeSet) -> <init>
    void <init>(android.content.Context,android.util.AttributeSet,int) -> <init>
    void onDraw(android.graphics.Canvas) -> onDraw
    float getCircleX() -> getCircleX
    void setCircleX(float) -> setCircleX
    float getCircleY() -> getCircleY
    void setCircleY(float) -> setCircleY
    float getCircleR() -> getCircleR
    void setCircleR(float) -> setCircleR
    com.kevin.firstlineofcode.ui.CustomerView.Round getmRound() -> getmRound
    void setmRound(com.kevin.firstlineofcode.ui.CustomerView.Round) -> setmRound
    com.kevin.firstlineofcode.ui.CustomerView.Triangle getmTriangle() -> getmTriangle
    void setmTriangle(com.kevin.firstlineofcode.ui.CustomerView.Triangle) -> setmTriangle
com.kevin.firstlineofcode.ui.CustomerView.Triangle -> com.kevin.firstlineofcode.ui.CustomerView.c:
    void <init>(android.content.Context) -> <init>
    void onDraw(android.graphics.Canvas) -> onDraw
com.kevin.firstlineofcode.ui.base.BaseActivity -> com.kevin.firstlineofcode.ui.base.a:
    void <init>() -> <init>
    void onCreate(android.os.Bundle) -> onCreate
    void showToast(java.lang.String) -> a
    void showToast(android.content.Context,java.lang.String) -> a
    void openActivity(java.lang.Class) -> a
    void onDestroy() -> onDestroy
com.kevin.firstlineofcode.ui.base.BaseBarActivity -> com.kevin.firstlineofcode.ui.base.b:
    void <init>() -> <init>
    void onCreate(android.os.Bundle) -> onCreate
    void showToast(java.lang.String) -> a
    void openActivity(java.lang.Class) -> a
    void openActivity(java.lang.Class,java.lang.String) -> a
    void showGlobalContextActionBar(java.lang.String) -> b
    void onDestroy() -> onDestroy
...
com.google.android.gms.measurement.internal.zzt$1 -> com.google.android.gms.measurement.internal.bo:
com.google.android.gms.measurement.internal.zzt$zza -> com.google.android.gms.measurement.internal.bp:
    java.lang.String zzvs -> b
    boolean zzaXy -> c
    boolean zzaXz -> d
    boolean zzagf -> e
    com.google.android.gms.measurement.internal.zzt zzaXA -> a
    void <init>(com.google.android.gms.measurement.internal.zzt,java.lang.String,boolean) -> <init>
    void zzCR() -> b
    boolean get() -> a
    void set(boolean) -> a
com.google.android.gms.measurement.internal.zzt$zzb -> com.google.android.gms.measurement.internal.bq:
    java.lang.String zzvs -> b
    long zzaXB -> c
    boolean zzaXz -> d
    long zzaDV -> e
    com.google.android.gms.measurement.internal.zzt zzaXA -> a
    void <init>(com.google.android.gms.measurement.internal.zzt,java.lang.String,long) -> <init>
    void zzCR() -> b
    long get() -> a
    void set(long) -> a
com.google.android.gms.measurement.internal.zzt$zzc -> com.google.android.gms.measurement.internal.br:
    java.lang.String zzaXC -> a
    java.lang.String zzaXD -> c
    java.lang.String zzaXE -> d
    long zzTl -> e
    com.google.android.gms.measurement.internal.zzt zzaXA -> b
    void <init>(com.google.android.gms.measurement.internal.zzt,java.lang.String,long) -> <init>
    void zzlL() -> b
    long zzlM() -> c
    void zzbq(java.lang.String) -> a
    void zzf(java.lang.String,long) -> a
    android.util.Pair zzlN() -> a
    long zzlO() -> d
    void <init>(com.google.android.gms.measurement.internal.zzt,java.lang.String,long,com.google.android.gms.measurement.internal.zzt$1) -> <init>
com.google.android.gms.measurement.internal.zzu -> com.google.android.gms.measurement.internal.bs:
    java.util.Map zzaXF -> a
    java.util.Map zzaXG -> b
    java.util.Map zzaXH -> c
    void <init>(com.google.android.gms.measurement.internal.zzw) -> <init>
    void zzfj(java.lang.String) -> b
    com.google.android.gms.internal.zzqa$zzb zzfk(java.lang.String) -> a
    java.lang.String zzO(java.lang.String,java.lang.String) -> a
    java.util.Map zza(com.google.android.gms.internal.zzqa$zzb) -> a
    boolean zze(java.lang.String,byte[]) -> a
    boolean zzP(java.lang.String,java.lang.String) -> b
    java.util.Map zzb(com.google.android.gms.internal.zzqa$zzb) -> b
    com.google.android.gms.internal.zzqa$zzb zzf(java.lang.String,byte[]) -> b
    void zziJ() -> a
    void zzjj() -> d
    void zzCd() -> e
    void zzjk() -> f
    com.google.android.gms.measurement.internal.zzc zzCe() -> g
    com.google.android.gms.measurement.internal.zzab zzCf() -> h
    com.google.android.gms.measurement.internal.zzn zzCg() -> i
    com.google.android.gms.measurement.internal.zzg zzCh() -> j
    com.google.android.gms.measurement.internal.zzac zzCi() -> k
    com.google.android.gms.internal.zzmq zzjl() -> l
    android.content.Context getContext() -> m
    com.google.android.gms.measurement.internal.zze zzCj() -> n
    com.google.android.gms.measurement.internal.zzaj zzCk() -> o
    com.google.android.gms.measurement.internal.zzu zzCl() -> p