app/unused.txt
com.kevin.firstlineofcode.BuildConfig
com.kevin.firstlineofcode.R
com.kevin.firstlineofcode.R$anim
com.kevin.firstlineofcode.R$array
com.kevin.firstlineofcode.R$attr
com.kevin.firstlineofcode.R$bool
com.kevin.firstlineofcode.R$color
com.kevin.firstlineofcode.R$dimen
com.kevin.firstlineofcode.R$drawable
com.kevin.firstlineofcode.R$id
com.kevin.firstlineofcode.R$integer
com.kevin.firstlineofcode.R$layout
com.kevin.firstlineofcode.R$menu
com.kevin.firstlineofcode.R$mipmap
com.kevin.firstlineofcode.R$raw
com.kevin.firstlineofcode.R$string
com.kevin.firstlineofcode.R$style
com.kevin.firstlineofcode.R$styleable
com.kevin.firstlineofcode.ui.CustomerView.Round:
    15:25:public Round(android.content.Context,android.util.AttributeSet)
    15:29:public Round(android.content.Context,android.util.AttributeSet,int)
com.kevin.firstlineofcode.ui.CustomerView.Triangle:
    20:21:public Triangle(android.content.Context,android.util.AttributeSet)
    24:25:public Triangle(android.content.Context,android.util.AttributeSet,int)
com.kevin.firstlineofcode.ui.base.BaseDoubleClickActivity:
    56:56:public com.kevin.firstlineofcode.ui.base.BaseDoubleClickActivity$MyDoubleClickListener getMyDoubleClickListener()
com.kevin.firstlineofcode.ui.base.EmptyActivity:
    public static final int TAKE_PHOTO
    public static final int CROP_PHOTO
com.kevin.firstlineofcode.ui.home.MainActivity:
    138:142:public void restoreActionBar()
com.kevin.firstlineofcode.ui.home.MainActivity$PlaceholderFragment:
    private static final java.lang.String ARG_SECTION_NUMBER
com.kevin.firstlineofcode.ui.home.NavigationDrawerFragment:
    private static final java.lang.String STATE_SELECTED_POSITION
    private static final java.lang.String PREF_USER_LEARNED_DRAWER
com.kevin.firstlineofcode.ui.home.SectionAFragment$OnFragmentInteractionListener
com.kevin.firstlineofcode.ui.home.SectionBFragment$OnFragmentInteractionListener
com.kevin.firstlineofcode.ui.home.SectionCFragment$OnFragmentInteractionListener
com.kevin.firstlineofcode.ui.home.SectionDFragment$OnFragmentInteractionListener
com.kevin.firstlineofcode.ui.home.SectionEFragment$OnFragmentInteractionListener
com.kevin.firstlineofcode.ui.home.SectionFFragment$OnFragmentInteractionListener
com.kevin.firstlineofcode.ui.home.SectionGFragment$OnFragmentInteractionListener
com.kevin.firstlineofcode.ui.home.SectionHFragment$OnFragmentInteractionListener
com.kevin.firstlineofcode.ui.home.SectionIFragment$OnFragmentInteractionListener
com.kevin.firstlineofcode.ui.home.SectionJFragment$OnFragmentInteractionListener
com.kevin.firstlineofcode.ui.home.SectionKFragment$OnFragmentInteractionListener
com.kevin.firstlineofcode.ui.home.SectionLFragment$OnFragmentInteractionListener
com.kevin.firstlineofcode.ui.home.SectionMFragment$OnFragmentInteractionListener
com.kevin.firstlineofcode.ui.home.SectionNFragment$OnFragmentInteractionListener
com.kevin.firstlineofcode.ui.home.SectionOFragment$OnFragmentInteractionListener
com.kevin.firstlineofcode.ui.sectionJ.HttpURLConnActivity:
    public static final int SHOW_RESPONSE
com.kevin.firstlineofcode.ui.util.ActivityCollector:
    11:11:public ActivityCollector()
com.kevin.firstlineofcode.ui.util.Constants
com.kevin.firstlineofcode.ui.util.StringUtils
...
com.google.android.gms.plus.model.people.Person
com.google.android.gms.plus.model.people.Person$AgeRange
com.google.android.gms.plus.model.people.Person$Cover
com.google.android.gms.plus.model.people.Person$Cover$CoverInfo
com.google.android.gms.plus.model.people.Person$Cover$CoverPhoto
com.google.android.gms.plus.model.people.Person$Cover$Layout
com.google.android.gms.plus.model.people.Person$Gender
com.google.android.gms.plus.model.people.Person$Image
com.google.android.gms.plus.model.people.Person$Name
com.google.android.gms.plus.model.people.Person$ObjectType
com.google.android.gms.plus.model.people.Person$Organizations
com.google.android.gms.plus.model.people.Person$Organizations$Type
com.google.android.gms.plus.model.people.Person$PlacesLived
com.google.android.gms.plus.model.people.Person$RelationshipStatus
com.google.android.gms.plus.model.people.Person$Urls
com.google.android.gms.plus.model.people.Person$Urls$Type
com.google.android.gms.plus.model.people.PersonBuffer
com.google.android.gms.plus.zza
com.google.android.gms.plus.zzb
com.google.android.gms.safetynet.AttestationData
com.google.android.gms.safetynet.R
com.google.android.gms.safetynet.R$attr
com.google.android.gms.safetynet.R$color
com.google.android.gms.safetynet.R$dimen
com.google.android.gms.safetynet.R$drawable
com.google.android.gms.safetynet.R$id
com.google.android.gms.safetynet.R$integer
com.google.android.gms.safetynet.R$layout
com.google.android.gms.safetynet.R$raw
com.google.android.gms.safetynet.R$string
com.google.android.gms.safetynet.R$style
com.google.android.gms.safetynet.R$styleable
com.google.android.gms.safetynet.SafeBrowsingData
com.google.android.gms.safetynet.SafeBrowsingThreatTypes
com.google.android.gms.safetynet.SafetyNet
com.google.android.gms.safetynet.SafetyNet$1
com.google.android.gms.safetynet.SafetyNetApi
com.google.android.gms.safetynet.SafetyNetApi$AttestationResult
com.google.android.gms.safetynet.SafetyNetApi$SafeBrowsingResult
com.google.android.gms.safetynet.SafetyNetStatusCodes
com.google.android.gms.safetynet.zza
com.google.android.gms.safetynet.zzb
com.google.android.gms.safetynet.zzc
com.google.android.gms.search.GoogleNowAuthState
com.google.android.gms.search.SearchAuth
com.google.android.gms.search.SearchAuth$1
com.google.android.gms.search.SearchAuth$StatusCodes
com.google.android.gms.search.SearchAuthApi
com.google.android.gms.search.SearchAuthApi$GoogleNowAuthResult
com.google.android.gms.search.zza
com.google.android.gms.security.ProviderInstaller
com.google.android.gms.security.ProviderInstaller$1
com.google.android.gms.security.ProviderInstaller$ProviderInstallListener
com.google.android.gms.tagmanager.Container
com.google.android.gms.tagmanager.Container$1
com.google.android.gms.tagmanager.Container$FunctionCallMacroCallback
com.google.android.gms.tagmanager.Container$FunctionCallTagCallback
com.google.android.gms.tagmanager.Container$zza
com.google.android.gms.tagmanager.Container$zzb
com.google.android.gms.tagmanager.ContainerHolder
com.google.android.gms.tagmanager.ContainerHolder$ContainerAvailableListener
com.google.android.gms.tagmanager.DataLayer
com.google.android.gms.tagmanager.DataLayer$1
com.google.android.gms.tagmanager.DataLayer$2
com.google.android.gms.tagmanager.DataLayer$zza
com.google.android.gms.tagmanager.DataLayer$zzb
com.google.android.gms.tagmanager.DataLayer$zzc
com.google.android.gms.tagmanager.DataLayer$zzc$zza
com.google.android.gms.tagmanager.PreviewActivity
com.google.android.gms.tagmanager.PreviewActivity$1
com.google.android.gms.tagmanager.TagManager
com.google.android.gms.tagmanager.TagManager$1
com.google.android.gms.tagmanager.TagManager$2
com.google.android.gms.tagmanager.TagManager$3
com.google.android.gms.tagmanager.TagManager$4
com.google.android.gms.tagmanager.TagManager$zza
com.google.android.gms.tagmanager.zza
com.google.android.gms.tagmanager.zza$1
com.google.android.gms.tagmanager.zza$2
com.google.android.gms.tagmanager.zza$zza
com.google.android.gms.tagmanager.zzaa